2013/07/02 04:46:11 [warning] [application] Failed to set unsafe attribute "create_time" of "Post".
in C:\xampp\htdocs\blog\protected\controllers\PostController.php (72)
in C:\xampp\htdocs\blog\index.php (13)
2013/07/02 04:46:11 [warning] [application] Failed to set unsafe attribute "update_time" of "Post".
in C:\xampp\htdocs\blog\protected\controllers\PostController.php (72)
in C:\xampp\htdocs\blog\index.php (13)
2013/07/02 04:46:11 [warning] [application] Failed to set unsafe attribute "author_id" of "Post".
in C:\xampp\htdocs\blog\protected\controllers\PostController.php (72)
in C:\xampp\htdocs\blog\index.php (13)
2013/07/02 04:46:21 [warning] [application] Failed to set unsafe attribute "create_time" of "Post".
in C:\xampp\htdocs\blog\protected\controllers\PostController.php (72)
in C:\xampp\htdocs\blog\index.php (13)
2013/07/02 04:46:21 [warning] [application] Failed to set unsafe attribute "update_time" of "Post".
in C:\xampp\htdocs\blog\protected\controllers\PostController.php (72)
in C:\xampp\htdocs\blog\index.php (13)
2013/07/02 04:46:21 [warning] [application] Failed to set unsafe attribute "author_id" of "Post".
in C:\xampp\htdocs\blog\protected\controllers\PostController.php (72)
in C:\xampp\htdocs\blog\index.php (13)
2013/07/02 04:47:08 [warning] [application] Failed to set unsafe attribute "create_time" of "Post".
in C:\xampp\htdocs\blog\protected\controllers\PostController.php (72)
in C:\xampp\htdocs\blog\index.php (13)
2013/07/02 04:47:08 [warning] [application] Failed to set unsafe attribute "update_time" of "Post".
in C:\xampp\htdocs\blog\protected\controllers\PostController.php (72)
in C:\xampp\htdocs\blog\index.php (13)
2013/07/02 04:47:08 [warning] [application] Failed to set unsafe attribute "author_id" of "Post".
in C:\xampp\htdocs\blog\protected\controllers\PostController.php (72)
in C:\xampp\htdocs\blog\index.php (13)
2013/07/02 04:57:42 [error] [exception.CHttpException.404] exception 'CHttpException' with message 'The system is unable to find the requested action "demo".' in C:\xampp\htdocs\yii\framework\web\CController.php:483
Stack trace:
#0 C:\xampp\htdocs\yii\framework\web\CController.php(270): CController->missingAction('demo')
#1 C:\xampp\htdocs\yii\framework\web\CWebApplication.php(282): CController->run('demo')
#2 C:\xampp\htdocs\yii\framework\web\CWebApplication.php(141): CWebApplication->runController('post/demo')
#3 C:\xampp\htdocs\yii\framework\base\CApplication.php(169): CWebApplication->processRequest()
#4 C:\xampp\htdocs\blog\index.php(13): CApplication->run()
#5 {main}
REQUEST_URI=/blog/index.php?r=post/demo
---
2013/07/02 06:27:40 [warning] [application] Failed to set unsafe attribute "create_time" of "Post".
in C:\xampp\htdocs\blog\protected\controllers\PostController.php (67)
in C:\xampp\htdocs\blog\index.php (13)
2013/07/02 06:27:40 [warning] [application] Failed to set unsafe attribute "update_time" of "Post".
in C:\xampp\htdocs\blog\protected\controllers\PostController.php (67)
in C:\xampp\htdocs\blog\index.php (13)
2013/07/02 06:27:40 [warning] [application] Failed to set unsafe attribute "author_id" of "Post".
in C:\xampp\htdocs\blog\protected\controllers\PostController.php (67)
in C:\xampp\htdocs\blog\index.php (13)
2013/07/02 06:27:41 [warning] [application] Failed to set unsafe attribute "create_time" of "Post".
in C:\xampp\htdocs\blog\protected\controllers\PostController.php (67)
in C:\xampp\htdocs\blog\index.php (13)
2013/07/02 06:27:41 [warning] [application] Failed to set unsafe attribute "update_time" of "Post".
in C:\xampp\htdocs\blog\protected\controllers\PostController.php (67)
in C:\xampp\htdocs\blog\index.php (13)
2013/07/02 06:27:41 [warning] [application] Failed to set unsafe attribute "author_id" of "Post".
in C:\xampp\htdocs\blog\protected\controllers\PostController.php (67)
in C:\xampp\htdocs\blog\index.php (13)
2013/07/02 06:27:42 [warning] [application] Failed to set unsafe attribute "create_time" of "Post".
in C:\xampp\htdocs\blog\protected\controllers\PostController.php (67)
in C:\xampp\htdocs\blog\index.php (13)
2013/07/02 06:27:42 [warning] [application] Failed to set unsafe attribute "update_time" of "Post".
in C:\xampp\htdocs\blog\protected\controllers\PostController.php (67)
in C:\xampp\htdocs\blog\index.php (13)
2013/07/02 06:27:42 [warning] [application] Failed to set unsafe attribute "author_id" of "Post".
in C:\xampp\htdocs\blog\protected\controllers\PostController.php (67)
in C:\xampp\htdocs\blog\index.php (13)
2013/07/02 06:38:34 [error] [exception.CException] exception 'CException' with message 'Tag and its behaviors do not have a method or closure named "updateFrequency".' in C:\xampp\htdocs\yii\framework\base\CComponent.php:265
Stack trace:
#0 C:\xampp\htdocs\yii\framework\db\ar\CActiveRecord.php(225): CComponent->__call('updateFrequency', Array)
#1 C:\xampp\htdocs\blog\protected\models\Post.php(154): CActiveRecord->__call('updateFrequency', Array)
#2 C:\xampp\htdocs\blog\protected\models\Post.php(154): Tag->updateFrequency(NULL, 'test, input')
#3 C:\xampp\htdocs\yii\framework\db\ar\CActiveRecord.php(1043): Post->afterSave()
#4 C:\xampp\htdocs\yii\framework\db\ar\CActiveRecord.php(795): CActiveRecord->insert(NULL)
#5 C:\xampp\htdocs\blog\protected\controllers\PostController.php(68): CActiveRecord->save()
#6 C:\xampp\htdocs\yii\framework\web\actions\CInlineAction.php(49): PostController->actionCreate()
#7 C:\xampp\htdocs\yii\framework\web\CController.php(308): CInlineAction->runWithParams(Array)
#8 C:\xampp\htdocs\yii\framework\web\filters\CFilterChain.php(133): CController->runAction(Object(CInlineAction))
#9 C:\xampp\htdocs\yii\framework\web\filters\CFilter.php(40): CFilterChain->run()
#10 C:\xampp\htdocs\yii\framework\web\CController.php(1145): CFilter->filter(Object(CFilterChain))
#11 C:\xampp\htdocs\yii\framework\web\filters\CInlineFilter.php(58): CController->filterAccessControl(Object(CFilterChain))
#12 C:\xampp\htdocs\yii\framework\web\filters\CFilterChain.php(130): CInlineFilter->filter(Object(CFilterChain))
#13 C:\xampp\htdocs\yii\framework\web\CController.php(291): CFilterChain->run()
#14 C:\xampp\htdocs\yii\framework\web\CController.php(265): CController->runActionWithFilters(Object(CInlineAction), Array)
#15 C:\xampp\htdocs\yii\framework\web\CWebApplication.php(282): CController->run('create')
#16 C:\xampp\htdocs\yii\framework\web\CWebApplication.php(141): CWebApplication->runController('post/create')
#17 C:\xampp\htdocs\yii\framework\base\CApplication.php(169): CWebApplication->processRequest()
#18 C:\xampp\htdocs\blog\index.php(13): CApplication->run()
#19 {main}
REQUEST_URI=/blog/index.php?r=post/create
HTTP_REFERER=http://127.0.0.1/blog/index.php?r=post/create
---
2013/07/02 06:41:14 [error] [exception.CException] exception 'CException' with message 'Tag and its behaviors do not have a method or closure named "updateFrequency".' in C:\xampp\htdocs\yii\framework\base\CComponent.php:265
Stack trace:
#0 C:\xampp\htdocs\yii\framework\db\ar\CActiveRecord.php(225): CComponent->__call('updateFrequency', Array)
#1 C:\xampp\htdocs\blog\protected\models\Post.php(154): CActiveRecord->__call('updateFrequency', Array)
#2 C:\xampp\htdocs\blog\protected\models\Post.php(154): Tag->updateFrequency('test, input', 'test, input')
#3 C:\xampp\htdocs\yii\framework\db\ar\CActiveRecord.php(1072): Post->afterSave()
#4 C:\xampp\htdocs\yii\framework\db\ar\CActiveRecord.php(795): CActiveRecord->update(NULL)
#5 C:\xampp\htdocs\blog\protected\controllers\PostController.php(92): CActiveRecord->save()
#6 [internal function]: PostController->actionUpdate('3')
#7 C:\xampp\htdocs\yii\framework\web\actions\CAction.php(108): ReflectionMethod->invokeArgs(Object(PostController), Array)
#8 C:\xampp\htdocs\yii\framework\web\actions\CInlineAction.php(47): CAction->runWithParamsInternal(Object(PostController), Object(ReflectionMethod), Array)
#9 C:\xampp\htdocs\yii\framework\web\CController.php(308): CInlineAction->runWithParams(Array)
#10 C:\xampp\htdocs\yii\framework\web\filters\CFilterChain.php(133): CController->runAction(Object(CInlineAction))
#11 C:\xampp\htdocs\yii\framework\web\filters\CFilter.php(40): CFilterChain->run()
#12 C:\xampp\htdocs\yii\framework\web\CController.php(1145): CFilter->filter(Object(CFilterChain))
#13 C:\xampp\htdocs\yii\framework\web\filters\CInlineFilter.php(58): CController->filterAccessControl(Object(CFilterChain))
#14 C:\xampp\htdocs\yii\framework\web\filters\CFilterChain.php(130): CInlineFilter->filter(Object(CFilterChain))
#15 C:\xampp\htdocs\yii\framework\web\CController.php(291): CFilterChain->run()
#16 C:\xampp\htdocs\yii\framework\web\CController.php(265): CController->runActionWithFilters(Object(CInlineAction), Array)
#17 C:\xampp\htdocs\yii\framework\web\CWebApplication.php(282): CController->run('update')
#18 C:\xampp\htdocs\yii\framework\web\CWebApplication.php(141): CWebApplication->runController('post/update')
#19 C:\xampp\htdocs\yii\framework\base\CApplication.php(169): CWebApplication->processRequest()
#20 C:\xampp\htdocs\blog\index.php(13): CApplication->run()
#21 {main}
REQUEST_URI=/blog/index.php?r=post/update&id=3
HTTP_REFERER=http://127.0.0.1/blog/index.php?r=post/update&id=3
---
2013/07/02 06:47:10 [error] [php] Missing argument 1 for PostController::loadModel(), called in C:\xampp\htdocs\blog\protected\controllers\PostController.php on line 49 and defined (C:\xampp\htdocs\blog\protected\controllers\PostController.php:151)
Stack trace:
#0 C:\xampp\htdocs\yii\framework\web\actions\CAction.php(108): ReflectionMethod->invokeArgs()
#1 C:\xampp\htdocs\yii\framework\web\actions\CInlineAction.php(47): CInlineAction->runWithParamsInternal()
#2 C:\xampp\htdocs\yii\framework\web\CController.php(308): CInlineAction->runWithParams()
#3 C:\xampp\htdocs\yii\framework\web\filters\CFilterChain.php(133): PostController->runAction()
#4 C:\xampp\htdocs\yii\framework\web\filters\CFilter.php(40): CFilterChain->run()
#5 C:\xampp\htdocs\yii\framework\web\CController.php(1145): CAccessControlFilter->filter()
#6 C:\xampp\htdocs\yii\framework\web\filters\CInlineFilter.php(58): PostController->filterAccessControl()
#7 C:\xampp\htdocs\yii\framework\web\filters\CFilterChain.php(130): CInlineFilter->filter()
#8 C:\xampp\htdocs\yii\framework\web\CController.php(291): CFilterChain->run()
#9 C:\xampp\htdocs\yii\framework\web\CController.php(265): PostController->runActionWithFilters()
#10 C:\xampp\htdocs\yii\framework\web\CWebApplication.php(282): PostController->run()
#11 C:\xampp\htdocs\yii\framework\web\CWebApplication.php(141): CWebApplication->runController()
#12 C:\xampp\htdocs\yii\framework\base\CApplication.php(169): CWebApplication->processRequest()
#13 C:\xampp\htdocs\blog\index.php(13): CWebApplication->run()
REQUEST_URI=/blog/index.php?r=post/view&id=3
in C:\xampp\htdocs\blog\protected\controllers\PostController.php (151)
in C:\xampp\htdocs\blog\protected\controllers\PostController.php (49)
in C:\xampp\htdocs\blog\index.php (13)
2013/07/02 06:57:43 [error] [php] Missing argument 1 for PostController::loadModel(), called in C:\xampp\htdocs\blog\protected\controllers\PostController.php on line 49 and defined (C:\xampp\htdocs\blog\protected\controllers\PostController.php:165)
Stack trace:
#0 C:\xampp\htdocs\yii\framework\web\actions\CAction.php(108): ReflectionMethod->invokeArgs()
#1 C:\xampp\htdocs\yii\framework\web\actions\CInlineAction.php(47): CInlineAction->runWithParamsInternal()
#2 C:\xampp\htdocs\yii\framework\web\CController.php(308): CInlineAction->runWithParams()
#3 C:\xampp\htdocs\yii\framework\web\filters\CFilterChain.php(133): PostController->runAction()
#4 C:\xampp\htdocs\yii\framework\web\filters\CFilter.php(40): CFilterChain->run()
#5 C:\xampp\htdocs\yii\framework\web\CController.php(1145): CAccessControlFilter->filter()
#6 C:\xampp\htdocs\yii\framework\web\filters\CInlineFilter.php(58): PostController->filterAccessControl()
#7 C:\xampp\htdocs\yii\framework\web\filters\CFilterChain.php(130): CInlineFilter->filter()
#8 C:\xampp\htdocs\yii\framework\web\CController.php(291): CFilterChain->run()
#9 C:\xampp\htdocs\yii\framework\web\CController.php(265): PostController->runActionWithFilters()
#10 C:\xampp\htdocs\yii\framework\web\CWebApplication.php(282): PostController->run()
#11 C:\xampp\htdocs\yii\framework\web\CWebApplication.php(141): CWebApplication->runController()
#12 C:\xampp\htdocs\yii\framework\base\CApplication.php(169): CWebApplication->processRequest()
#13 C:\xampp\htdocs\blog\index.php(13): CWebApplication->run()
REQUEST_URI=/blog/index.php?r=post/view&id=3
in C:\xampp\htdocs\blog\protected\controllers\PostController.php (165)
in C:\xampp\htdocs\blog\protected\controllers\PostController.php (49)
in C:\xampp\htdocs\blog\index.php (13)
2013/07/02 07:02:16 [error] [php] Missing argument 1 for PostController::loadModel(), called in C:\xampp\htdocs\blog\protected\controllers\PostController.php on line 49 and defined (C:\xampp\htdocs\blog\protected\controllers\PostController.php:163)
Stack trace:
#0 C:\xampp\htdocs\yii\framework\web\actions\CAction.php(108): ReflectionMethod->invokeArgs()
#1 C:\xampp\htdocs\yii\framework\web\actions\CInlineAction.php(47): CInlineAction->runWithParamsInternal()
#2 C:\xampp\htdocs\yii\framework\web\CController.php(308): CInlineAction->runWithParams()
#3 C:\xampp\htdocs\yii\framework\web\filters\CFilterChain.php(133): PostController->runAction()
#4 C:\xampp\htdocs\yii\framework\web\filters\CFilter.php(40): CFilterChain->run()
#5 C:\xampp\htdocs\yii\framework\web\CController.php(1145): CAccessControlFilter->filter()
#6 C:\xampp\htdocs\yii\framework\web\filters\CInlineFilter.php(58): PostController->filterAccessControl()
#7 C:\xampp\htdocs\yii\framework\web\filters\CFilterChain.php(130): CInlineFilter->filter()
#8 C:\xampp\htdocs\yii\framework\web\CController.php(291): CFilterChain->run()
#9 C:\xampp\htdocs\yii\framework\web\CController.php(265): PostController->runActionWithFilters()
#10 C:\xampp\htdocs\yii\framework\web\CWebApplication.php(282): PostController->run()
#11 C:\xampp\htdocs\yii\framework\web\CWebApplication.php(141): CWebApplication->runController()
#12 C:\xampp\htdocs\yii\framework\base\CApplication.php(169): CWebApplication->processRequest()
#13 C:\xampp\htdocs\blog\index.php(13): CWebApplication->run()
REQUEST_URI=/blog/index.php?r=post/view&id=3
in C:\xampp\htdocs\blog\protected\controllers\PostController.php (163)
in C:\xampp\htdocs\blog\protected\controllers\PostController.php (49)
in C:\xampp\htdocs\blog\index.php (13)
2013/07/02 07:03:05 [error] [php] Missing argument 1 for PostController::loadModel(), called in C:\xampp\htdocs\blog\protected\controllers\PostController.php on line 49 and defined (C:\xampp\htdocs\blog\protected\controllers\PostController.php:163)
Stack trace:
#0 C:\xampp\htdocs\yii\framework\web\actions\CAction.php(108): ReflectionMethod->invokeArgs()
#1 C:\xampp\htdocs\yii\framework\web\actions\CInlineAction.php(47): CInlineAction->runWithParamsInternal()
#2 C:\xampp\htdocs\yii\framework\web\CController.php(308): CInlineAction->runWithParams()
#3 C:\xampp\htdocs\yii\framework\web\filters\CFilterChain.php(133): PostController->runAction()
#4 C:\xampp\htdocs\yii\framework\web\filters\CFilter.php(40): CFilterChain->run()
#5 C:\xampp\htdocs\yii\framework\web\CController.php(1145): CAccessControlFilter->filter()
#6 C:\xampp\htdocs\yii\framework\web\filters\CInlineFilter.php(58): PostController->filterAccessControl()
#7 C:\xampp\htdocs\yii\framework\web\filters\CFilterChain.php(130): CInlineFilter->filter()
#8 C:\xampp\htdocs\yii\framework\web\CController.php(291): CFilterChain->run()
#9 C:\xampp\htdocs\yii\framework\web\CController.php(265): PostController->runActionWithFilters()
#10 C:\xampp\htdocs\yii\framework\web\CWebApplication.php(282): PostController->run()
#11 C:\xampp\htdocs\yii\framework\web\CWebApplication.php(141): CWebApplication->runController()
#12 C:\xampp\htdocs\yii\framework\base\CApplication.php(169): CWebApplication->processRequest()
#13 C:\xampp\htdocs\blog\index.php(13): CWebApplication->run()
REQUEST_URI=/blog/index.php?r=post/view&id=1
in C:\xampp\htdocs\blog\protected\controllers\PostController.php (163)
in C:\xampp\htdocs\blog\protected\controllers\PostController.php (49)
in C:\xampp\htdocs\blog\index.php (13)
2013/07/02 07:21:02 [error] [exception.CException] exception 'CException' with message 'Tag and its behaviors do not have a method or closure named "updateFrequency".' in C:\xampp\htdocs\yii\framework\base\CComponent.php:265
Stack trace:
#0 C:\xampp\htdocs\yii\framework\db\ar\CActiveRecord.php(225): CComponent->__call('updateFrequency', Array)
#1 C:\xampp\htdocs\blog\protected\models\Post.php(154): CActiveRecord->__call('updateFrequency', Array)
#2 C:\xampp\htdocs\blog\protected\models\Post.php(154): Tag->updateFrequency(NULL, 'test')
#3 C:\xampp\htdocs\yii\framework\db\ar\CActiveRecord.php(1043): Post->afterSave()
#4 C:\xampp\htdocs\yii\framework\db\ar\CActiveRecord.php(795): CActiveRecord->insert(NULL)
#5 C:\xampp\htdocs\blog\protected\controllers\PostController.php(71): CActiveRecord->save()
#6 C:\xampp\htdocs\yii\framework\web\actions\CInlineAction.php(49): PostController->actionCreate()
#7 C:\xampp\htdocs\yii\framework\web\CController.php(308): CInlineAction->runWithParams(Array)
#8 C:\xampp\htdocs\yii\framework\web\filters\CFilterChain.php(133): CController->runAction(Object(CInlineAction))
#9 C:\xampp\htdocs\yii\framework\web\filters\CFilter.php(40): CFilterChain->run()
#10 C:\xampp\htdocs\yii\framework\web\CController.php(1145): CFilter->filter(Object(CFilterChain))
#11 C:\xampp\htdocs\yii\framework\web\filters\CInlineFilter.php(58): CController->filterAccessControl(Object(CFilterChain))
#12 C:\xampp\htdocs\yii\framework\web\filters\CFilterChain.php(130): CInlineFilter->filter(Object(CFilterChain))
#13 C:\xampp\htdocs\yii\framework\web\CController.php(291): CFilterChain->run()
#14 C:\xampp\htdocs\yii\framework\web\CController.php(265): CController->runActionWithFilters(Object(CInlineAction), Array)
#15 C:\xampp\htdocs\yii\framework\web\CWebApplication.php(282): CController->run('create')
#16 C:\xampp\htdocs\yii\framework\web\CWebApplication.php(141): CWebApplication->runController('post/create')
#17 C:\xampp\htdocs\yii\framework\base\CApplication.php(169): CWebApplication->processRequest()
#18 C:\xampp\htdocs\blog\index.php(13): CApplication->run()
#19 {main}
REQUEST_URI=/blog/index.php?r=post/create
HTTP_REFERER=http://127.0.0.1/blog/index.php?r=post/create
---
2013/07/02 07:25:38 [error] [exception.CException] exception 'CException' with message 'Tag and its behaviors do not have a method or closure named "updateFrequency".' in C:\xampp\htdocs\yii\framework\base\CComponent.php:265
Stack trace:
#0 C:\xampp\htdocs\yii\framework\db\ar\CActiveRecord.php(225): CComponent->__call('updateFrequency', Array)
#1 C:\xampp\htdocs\blog\protected\models\Post.php(154): CActiveRecord->__call('updateFrequency', Array)
#2 C:\xampp\htdocs\blog\protected\models\Post.php(154): Tag->updateFrequency('', 'sss')
#3 C:\xampp\htdocs\yii\framework\db\ar\CActiveRecord.php(1043): Post->afterSave()
#4 C:\xampp\htdocs\yii\framework\db\ar\CActiveRecord.php(795): CActiveRecord->insert(NULL)
#5 C:\xampp\htdocs\blog\protected\controllers\PostController.php(71): CActiveRecord->save()
#6 C:\xampp\htdocs\yii\framework\web\actions\CInlineAction.php(49): PostController->actionCreate()
#7 C:\xampp\htdocs\yii\framework\web\CController.php(308): CInlineAction->runWithParams(Array)
#8 C:\xampp\htdocs\yii\framework\web\filters\CFilterChain.php(133): CController->runAction(Object(CInlineAction))
#9 C:\xampp\htdocs\yii\framework\web\filters\CFilter.php(40): CFilterChain->run()
#10 C:\xampp\htdocs\yii\framework\web\CController.php(1145): CFilter->filter(Object(CFilterChain))
#11 C:\xampp\htdocs\yii\framework\web\filters\CInlineFilter.php(58): CController->filterAccessControl(Object(CFilterChain))
#12 C:\xampp\htdocs\yii\framework\web\filters\CFilterChain.php(130): CInlineFilter->filter(Object(CFilterChain))
#13 C:\xampp\htdocs\yii\framework\web\CController.php(291): CFilterChain->run()
#14 C:\xampp\htdocs\yii\framework\web\CController.php(265): CController->runActionWithFilters(Object(CInlineAction), Array)
#15 C:\xampp\htdocs\yii\framework\web\CWebApplication.php(282): CController->run('create')
#16 C:\xampp\htdocs\yii\framework\web\CWebApplication.php(141): CWebApplication->runController('post/create')
#17 C:\xampp\htdocs\yii\framework\base\CApplication.php(169): CWebApplication->processRequest()
#18 C:\xampp\htdocs\blog\index.php(13): CApplication->run()
#19 {main}
REQUEST_URI=/blog/index.php?r=post/create
HTTP_REFERER=http://127.0.0.1/blog/index.php?r=post/create
---
2013/07/02 07:33:30 [error] [exception.CHttpException.403] exception 'CHttpException' with message 'You are not authorized to perform this action.' in C:\xampp\htdocs\yii\framework\web\auth\CAccessControlFilter.php:179
Stack trace:
#0 C:\xampp\htdocs\yii\framework\web\auth\CAccessControlFilter.php(142): CAccessControlFilter->accessDenied(Object(CWebUser), 'You are not aut...')
#1 C:\xampp\htdocs\yii\framework\web\filters\CFilter.php(38): CAccessControlFilter->preFilter(Object(CFilterChain))
#2 C:\xampp\htdocs\yii\framework\web\CController.php(1145): CFilter->filter(Object(CFilterChain))
#3 C:\xampp\htdocs\yii\framework\web\filters\CInlineFilter.php(58): CController->filterAccessControl(Object(CFilterChain))
#4 C:\xampp\htdocs\yii\framework\web\filters\CFilterChain.php(130): CInlineFilter->filter(Object(CFilterChain))
#5 C:\xampp\htdocs\yii\framework\web\CController.php(291): CFilterChain->run()
#6 C:\xampp\htdocs\yii\framework\web\CController.php(265): CController->runActionWithFilters(Object(CInlineAction), Array)
#7 C:\xampp\htdocs\yii\framework\web\CWebApplication.php(282): CController->run('admin')
#8 C:\xampp\htdocs\yii\framework\web\CWebApplication.php(141): CWebApplication->runController('comment/admin')
#9 C:\xampp\htdocs\yii\framework\base\CApplication.php(169): CWebApplication->processRequest()
#10 C:\xampp\htdocs\blog\index.php(13): CApplication->run()
#11 {main}
REQUEST_URI=/blog/index.php?r=comment/admin
HTTP_REFERER=http://127.0.0.1/blog/index.php?r=comment
---
2013/07/02 07:38:08 [error] [exception.CException] exception 'CException' with message 'PostController cannot find the requested view "_comments".' in C:\xampp\htdocs\yii\framework\web\CController.php:878
Stack trace:
#0 C:\xampp\htdocs\blog\protected\views\post\view.php(44): CController->renderPartial('_comments', Array)
#1 C:\xampp\htdocs\yii\framework\web\CBaseController.php(126): require('C:\xampp\htdocs...')
#2 C:\xampp\htdocs\yii\framework\web\CBaseController.php(95): CBaseController->renderInternal('C:\xampp\htdocs...', Array, true)
#3 C:\xampp\htdocs\yii\framework\web\CController.php(869): CBaseController->renderFile('C:\xampp\htdocs...', Array, true)
#4 C:\xampp\htdocs\yii\framework\web\CController.php(782): CController->renderPartial('view', Array, true)
#5 C:\xampp\htdocs\blog\protected\controllers\PostController.php(52): CController->render('view', Array)
#6 [internal function]: PostController->actionView('2')
#7 C:\xampp\htdocs\yii\framework\web\actions\CAction.php(108): ReflectionMethod->invokeArgs(Object(PostController), Array)
#8 C:\xampp\htdocs\yii\framework\web\actions\CInlineAction.php(47): CAction->runWithParamsInternal(Object(PostController), Object(ReflectionMethod), Array)
#9 C:\xampp\htdocs\yii\framework\web\CController.php(308): CInlineAction->runWithParams(Array)
#10 C:\xampp\htdocs\yii\framework\web\filters\CFilterChain.php(133): CController->runAction(Object(CInlineAction))
#11 C:\xampp\htdocs\yii\framework\web\filters\CFilter.php(40): CFilterChain->run()
#12 C:\xampp\htdocs\yii\framework\web\CController.php(1145): CFilter->filter(Object(CFilterChain))
#13 C:\xampp\htdocs\yii\framework\web\filters\CInlineFilter.php(58): CController->filterAccessControl(Object(CFilterChain))
#14 C:\xampp\htdocs\yii\framework\web\filters\CFilterChain.php(130): CInlineFilter->filter(Object(CFilterChain))
#15 C:\xampp\htdocs\yii\framework\web\CController.php(291): CFilterChain->run()
#16 C:\xampp\htdocs\yii\framework\web\CController.php(265): CController->runActionWithFilters(Object(CInlineAction), Array)
#17 C:\xampp\htdocs\yii\framework\web\CWebApplication.php(282): CController->run('view')
#18 C:\xampp\htdocs\yii\framework\web\CWebApplication.php(141): CWebApplication->runController('post/view')
#19 C:\xampp\htdocs\yii\framework\base\CApplication.php(169): CWebApplication->processRequest()
#20 C:\xampp\htdocs\blog\index.php(13): CApplication->run()
#21 {main}
REQUEST_URI=/blog/index.php?r=post/view&id=2
HTTP_REFERER=http://127.0.0.1/blog/index.php?r=post/index
---
2013/07/02 07:46:29 [error] [exception.CException] exception 'CException' with message 'PostController cannot find the requested view "_comments".' in C:\xampp\htdocs\yii\framework\web\CController.php:878
Stack trace:
#0 C:\xampp\htdocs\blog\protected\views\post\view.php(44): CController->renderPartial('_comments', Array)
#1 C:\xampp\htdocs\yii\framework\web\CBaseController.php(126): require('C:\xampp\htdocs...')
#2 C:\xampp\htdocs\yii\framework\web\CBaseController.php(95): CBaseController->renderInternal('C:\xampp\htdocs...', Array, true)
#3 C:\xampp\htdocs\yii\framework\web\CController.php(869): CBaseController->renderFile('C:\xampp\htdocs...', Array, true)
#4 C:\xampp\htdocs\yii\framework\web\CController.php(782): CController->renderPartial('view', Array, true)
#5 C:\xampp\htdocs\blog\protected\controllers\PostController.php(55): CController->render('view', Array)
#6 C:\xampp\htdocs\yii\framework\web\actions\CInlineAction.php(49): PostController->actionView()
#7 C:\xampp\htdocs\yii\framework\web\CController.php(308): CInlineAction->runWithParams(Array)
#8 C:\xampp\htdocs\yii\framework\web\filters\CFilterChain.php(133): CController->runAction(Object(CInlineAction))
#9 C:\xampp\htdocs\yii\framework\web\filters\CFilter.php(40): CFilterChain->run()
#10 C:\xampp\htdocs\yii\framework\web\CController.php(1145): CFilter->filter(Object(CFilterChain))
#11 C:\xampp\htdocs\yii\framework\web\filters\CInlineFilter.php(58): CController->filterAccessControl(Object(CFilterChain))
#12 C:\xampp\htdocs\yii\framework\web\filters\CFilterChain.php(130): CInlineFilter->filter(Object(CFilterChain))
#13 C:\xampp\htdocs\yii\framework\web\CController.php(291): CFilterChain->run()
#14 C:\xampp\htdocs\yii\framework\web\CController.php(265): CController->runActionWithFilters(Object(CInlineAction), Array)
#15 C:\xampp\htdocs\yii\framework\web\CWebApplication.php(282): CController->run('view')
#16 C:\xampp\htdocs\yii\framework\web\CWebApplication.php(141): CWebApplication->runController('post/view')
#17 C:\xampp\htdocs\yii\framework\base\CApplication.php(169): CWebApplication->processRequest()
#18 C:\xampp\htdocs\blog\index.php(13): CApplication->run()
#19 {main}
REQUEST_URI=/blog/index.php?r=post/view&id=2
HTTP_REFERER=http://127.0.0.1/blog/index.php?r=post/index
---
2013/07/02 07:47:57 [error] [exception.CException] exception 'CException' with message 'PostController cannot find the requested view "_comments".' in C:\xampp\htdocs\yii\framework\web\CController.php:878
Stack trace:
#0 C:\xampp\htdocs\blog\protected\views\post\view.php(44): CController->renderPartial('_comments', Array)
#1 C:\xampp\htdocs\yii\framework\web\CBaseController.php(126): require('C:\xampp\htdocs...')
#2 C:\xampp\htdocs\yii\framework\web\CBaseController.php(95): CBaseController->renderInternal('C:\xampp\htdocs...', Array, true)
#3 C:\xampp\htdocs\yii\framework\web\CController.php(869): CBaseController->renderFile('C:\xampp\htdocs...', Array, true)
#4 C:\xampp\htdocs\yii\framework\web\CController.php(782): CController->renderPartial('view', Array, true)
#5 C:\xampp\htdocs\blog\protected\controllers\PostController.php(55): CController->render('view', Array)
#6 C:\xampp\htdocs\yii\framework\web\actions\CInlineAction.php(49): PostController->actionView()
#7 C:\xampp\htdocs\yii\framework\web\CController.php(308): CInlineAction->runWithParams(Array)
#8 C:\xampp\htdocs\yii\framework\web\filters\CFilterChain.php(133): CController->runAction(Object(CInlineAction))
#9 C:\xampp\htdocs\yii\framework\web\filters\CFilter.php(40): CFilterChain->run()
#10 C:\xampp\htdocs\yii\framework\web\CController.php(1145): CFilter->filter(Object(CFilterChain))
#11 C:\xampp\htdocs\yii\framework\web\filters\CInlineFilter.php(58): CController->filterAccessControl(Object(CFilterChain))
#12 C:\xampp\htdocs\yii\framework\web\filters\CFilterChain.php(130): CInlineFilter->filter(Object(CFilterChain))
#13 C:\xampp\htdocs\yii\framework\web\CController.php(291): CFilterChain->run()
#14 C:\xampp\htdocs\yii\framework\web\CController.php(265): CController->runActionWithFilters(Object(CInlineAction), Array)
#15 C:\xampp\htdocs\yii\framework\web\CWebApplication.php(282): CController->run('view')
#16 C:\xampp\htdocs\yii\framework\web\CWebApplication.php(141): CWebApplication->runController('post/view')
#17 C:\xampp\htdocs\yii\framework\base\CApplication.php(169): CWebApplication->processRequest()
#18 C:\xampp\htdocs\blog\index.php(13): CApplication->run()
#19 {main}
REQUEST_URI=/blog/index.php?r=post/view&id=2
HTTP_REFERER=http://127.0.0.1/blog/index.php?r=post/index
---
2013/07/02 08:14:07 [error] [exception.CException] exception 'CException' with message 'PostController cannot find the requested view "_comments".' in C:\xampp\htdocs\yii\framework\web\CController.php:878
Stack trace:
#0 C:\xampp\htdocs\blog\protected\views\post\view.php(44): CController->renderPartial('_comments', Array)
#1 C:\xampp\htdocs\yii\framework\web\CBaseController.php(126): require('C:\xampp\htdocs...')
#2 C:\xampp\htdocs\yii\framework\web\CBaseController.php(95): CBaseController->renderInternal('C:\xampp\htdocs...', Array, true)
#3 C:\xampp\htdocs\yii\framework\web\CController.php(869): CBaseController->renderFile('C:\xampp\htdocs...', Array, true)
#4 C:\xampp\htdocs\yii\framework\web\CController.php(782): CController->renderPartial('view', Array, true)
#5 C:\xampp\htdocs\blog\protected\controllers\PostController.php(55): CController->render('view', Array)
#6 C:\xampp\htdocs\yii\framework\web\actions\CInlineAction.php(49): PostController->actionView()
#7 C:\xampp\htdocs\yii\framework\web\CController.php(308): CInlineAction->runWithParams(Array)
#8 C:\xampp\htdocs\yii\framework\web\filters\CFilterChain.php(133): CController->runAction(Object(CInlineAction))
#9 C:\xampp\htdocs\yii\framework\web\filters\CFilter.php(40): CFilterChain->run()
#10 C:\xampp\htdocs\yii\framework\web\CController.php(1145): CFilter->filter(Object(CFilterChain))
#11 C:\xampp\htdocs\yii\framework\web\filters\CInlineFilter.php(58): CController->filterAccessControl(Object(CFilterChain))
#12 C:\xampp\htdocs\yii\framework\web\filters\CFilterChain.php(130): CInlineFilter->filter(Object(CFilterChain))
#13 C:\xampp\htdocs\yii\framework\web\CController.php(291): CFilterChain->run()
#14 C:\xampp\htdocs\yii\framework\web\CController.php(265): CController->runActionWithFilters(Object(CInlineAction), Array)
#15 C:\xampp\htdocs\yii\framework\web\CWebApplication.php(282): CController->run('view')
#16 C:\xampp\htdocs\yii\framework\web\CWebApplication.php(141): CWebApplication->runController('post/view')
#17 C:\xampp\htdocs\yii\framework\base\CApplication.php(169): CWebApplication->processRequest()
#18 C:\xampp\htdocs\blog\index.php(13): CApplication->run()
#19 {main}
REQUEST_URI=/blog/index.php?r=post/view&id=2
HTTP_REFERER=http://127.0.0.1/blog/index.php?r=post/index
---
2013/07/02 08:24:40 [error] [exception.CException] exception 'CException' with message 'PostController cannot find the requested view "_comments".' in C:\xampp\htdocs\yii\framework\web\CController.php:878
Stack trace:
#0 C:\xampp\htdocs\blog\protected\views\post\view.php(44): CController->renderPartial('_comments', Array)
#1 C:\xampp\htdocs\yii\framework\web\CBaseController.php(126): require('C:\xampp\htdocs...')
#2 C:\xampp\htdocs\yii\framework\web\CBaseController.php(95): CBaseController->renderInternal('C:\xampp\htdocs...', Array, true)
#3 C:\xampp\htdocs\yii\framework\web\CController.php(869): CBaseController->renderFile('C:\xampp\htdocs...', Array, true)
#4 C:\xampp\htdocs\yii\framework\web\CController.php(782): CController->renderPartial('view', Array, true)
#5 C:\xampp\htdocs\blog\protected\controllers\PostController.php(55): CController->render('view', Array)
#6 C:\xampp\htdocs\yii\framework\web\actions\CInlineAction.php(49): PostController->actionView()
#7 C:\xampp\htdocs\yii\framework\web\CController.php(308): CInlineAction->runWithParams(Array)
#8 C:\xampp\htdocs\yii\framework\web\filters\CFilterChain.php(133): CController->runAction(Object(CInlineAction))
#9 C:\xampp\htdocs\yii\framework\web\filters\CFilter.php(40): CFilterChain->run()
#10 C:\xampp\htdocs\yii\framework\web\CController.php(1145): CFilter->filter(Object(CFilterChain))
#11 C:\xampp\htdocs\yii\framework\web\filters\CInlineFilter.php(58): CController->filterAccessControl(Object(CFilterChain))
#12 C:\xampp\htdocs\yii\framework\web\filters\CFilterChain.php(130): CInlineFilter->filter(Object(CFilterChain))
#13 C:\xampp\htdocs\yii\framework\web\CController.php(291): CFilterChain->run()
#14 C:\xampp\htdocs\yii\framework\web\CController.php(265): CController->runActionWithFilters(Object(CInlineAction), Array)
#15 C:\xampp\htdocs\yii\framework\web\CWebApplication.php(282): CController->run('view')
#16 C:\xampp\htdocs\yii\framework\web\CWebApplication.php(141): CWebApplication->runController('post/view')
#17 C:\xampp\htdocs\yii\framework\base\CApplication.php(169): CWebApplication->processRequest()
#18 C:\xampp\htdocs\blog\index.php(13): CApplication->run()
#19 {main}
REQUEST_URI=/blog/index.php?r=post/view&id=2
HTTP_REFERER=http://127.0.0.1/blog/index.php?r=post
---
2013/07/02 08:31:23 [error] [exception.CException] exception 'CException' with message 'Comment and its behaviors do not have a method or closure named "getUrl".' in C:\xampp\htdocs\yii\framework\base\CComponent.php:265
Stack trace:
#0 C:\xampp\htdocs\yii\framework\db\ar\CActiveRecord.php(225): CComponent->__call('getUrl', Array)
#1 C:\xampp\htdocs\blog\protected\views\post\_comments.php(4): CActiveRecord->__call('getUrl', Array)
#2 C:\xampp\htdocs\blog\protected\views\post\_comments.php(4): Comment->getUrl(Object(Post))
#3 C:\xampp\htdocs\yii\framework\web\CBaseController.php(126): require('C:\xampp\htdocs...')
#4 C:\xampp\htdocs\yii\framework\web\CBaseController.php(95): CBaseController->renderInternal('C:\xampp\htdocs...', Array, true)
#5 C:\xampp\htdocs\yii\framework\web\CController.php(869): CBaseController->renderFile('C:\xampp\htdocs...', Array, true)
#6 C:\xampp\htdocs\blog\protected\views\post\view.php(44): CController->renderPartial('_comments', Array)
#7 C:\xampp\htdocs\yii\framework\web\CBaseController.php(126): require('C:\xampp\htdocs...')
#8 C:\xampp\htdocs\yii\framework\web\CBaseController.php(95): CBaseController->renderInternal('C:\xampp\htdocs...', Array, true)
#9 C:\xampp\htdocs\yii\framework\web\CController.php(869): CBaseController->renderFile('C:\xampp\htdocs...', Array, true)
#10 C:\xampp\htdocs\yii\framework\web\CController.php(782): CController->renderPartial('view', Array, true)
#11 C:\xampp\htdocs\blog\protected\controllers\PostController.php(55): CController->render('view', Array)
#12 C:\xampp\htdocs\yii\framework\web\actions\CInlineAction.php(49): PostController->actionView()
#13 C:\xampp\htdocs\yii\framework\web\CController.php(308): CInlineAction->runWithParams(Array)
#14 C:\xampp\htdocs\yii\framework\web\filters\CFilterChain.php(133): CController->runAction(Object(CInlineAction))
#15 C:\xampp\htdocs\yii\framework\web\filters\CFilter.php(40): CFilterChain->run()
#16 C:\xampp\htdocs\yii\framework\web\CController.php(1145): CFilter->filter(Object(CFilterChain))
#17 C:\xampp\htdocs\yii\framework\web\filters\CInlineFilter.php(58): CController->filterAccessControl(Object(CFilterChain))
#18 C:\xampp\htdocs\yii\framework\web\filters\CFilterChain.php(130): CInlineFilter->filter(Object(CFilterChain))
#19 C:\xampp\htdocs\yii\framework\web\CController.php(291): CFilterChain->run()
#20 C:\xampp\htdocs\yii\framework\web\CController.php(265): CController->runActionWithFilters(Object(CInlineAction), Array)
#21 C:\xampp\htdocs\yii\framework\web\CWebApplication.php(282): CController->run('view')
#22 C:\xampp\htdocs\yii\framework\web\CWebApplication.php(141): CWebApplication->runController('post/view')
#23 C:\xampp\htdocs\yii\framework\base\CApplication.php(169): CWebApplication->processRequest()
#24 C:\xampp\htdocs\blog\index.php(13): CApplication->run()
#25 {main}
REQUEST_URI=/blog/index.php?r=post/view&id=2
HTTP_REFERER=http://127.0.0.1/blog/index.php?r=post/
---
2013/07/02 09:03:56 [error] [exception.CException] exception 'CException' with message 'Property "Comment.authorLink" is not defined.' in C:\xampp\htdocs\yii\framework\base\CComponent.php:130
Stack trace:
#0 C:\xampp\htdocs\yii\framework\db\ar\CActiveRecord.php(143): CComponent->__get('authorLink')
#1 C:\xampp\htdocs\blog\protected\views\post\_comments.php(10): CActiveRecord->__get('authorLink')
#2 C:\xampp\htdocs\yii\framework\web\CBaseController.php(126): require('C:\xampp\htdocs...')
#3 C:\xampp\htdocs\yii\framework\web\CBaseController.php(95): CBaseController->renderInternal('C:\xampp\htdocs...', Array, true)
#4 C:\xampp\htdocs\yii\framework\web\CController.php(869): CBaseController->renderFile('C:\xampp\htdocs...', Array, true)
#5 C:\xampp\htdocs\blog\protected\views\post\view.php(44): CController->renderPartial('_comments', Array)
#6 C:\xampp\htdocs\yii\framework\web\CBaseController.php(126): require('C:\xampp\htdocs...')
#7 C:\xampp\htdocs\yii\framework\web\CBaseController.php(95): CBaseController->renderInternal('C:\xampp\htdocs...', Array, true)
#8 C:\xampp\htdocs\yii\framework\web\CController.php(869): CBaseController->renderFile('C:\xampp\htdocs...', Array, true)
#9 C:\xampp\htdocs\yii\framework\web\CController.php(782): CController->renderPartial('view', Array, true)
#10 C:\xampp\htdocs\blog\protected\controllers\PostController.php(55): CController->render('view', Array)
#11 C:\xampp\htdocs\yii\framework\web\actions\CInlineAction.php(49): PostController->actionView()
#12 C:\xampp\htdocs\yii\framework\web\CController.php(308): CInlineAction->runWithParams(Array)
#13 C:\xampp\htdocs\yii\framework\web\filters\CFilterChain.php(133): CController->runAction(Object(CInlineAction))
#14 C:\xampp\htdocs\yii\framework\web\filters\CFilter.php(40): CFilterChain->run()
#15 C:\xampp\htdocs\yii\framework\web\CController.php(1145): CFilter->filter(Object(CFilterChain))
#16 C:\xampp\htdocs\yii\framework\web\filters\CInlineFilter.php(58): CController->filterAccessControl(Object(CFilterChain))
#17 C:\xampp\htdocs\yii\framework\web\filters\CFilterChain.php(130): CInlineFilter->filter(Object(CFilterChain))
#18 C:\xampp\htdocs\yii\framework\web\CController.php(291): CFilterChain->run()
#19 C:\xampp\htdocs\yii\framework\web\CController.php(265): CController->runActionWithFilters(Object(CInlineAction), Array)
#20 C:\xampp\htdocs\yii\framework\web\CWebApplication.php(282): CController->run('view')
#21 C:\xampp\htdocs\yii\framework\web\CWebApplication.php(141): CWebApplication->runController('post/view')
#22 C:\xampp\htdocs\yii\framework\base\CApplication.php(169): CWebApplication->processRequest()
#23 C:\xampp\htdocs\blog\index.php(13): CApplication->run()
#24 {main}
REQUEST_URI=/blog/index.php?r=post/view&id=2
HTTP_REFERER=http://127.0.0.1/blog/index.php?r=post/
---
2013/07/02 09:10:03 [error] [exception.CException] exception 'CException' with message 'Property "Comment.authorLink" is not defined.' in C:\xampp\htdocs\yii\framework\base\CComponent.php:130
Stack trace:
#0 C:\xampp\htdocs\yii\framework\db\ar\CActiveRecord.php(143): CComponent->__get('authorLink')
#1 C:\xampp\htdocs\blog\protected\views\post\_comments.php(10): CActiveRecord->__get('authorLink')
#2 C:\xampp\htdocs\yii\framework\web\CBaseController.php(126): require('C:\xampp\htdocs...')
#3 C:\xampp\htdocs\yii\framework\web\CBaseController.php(95): CBaseController->renderInternal('C:\xampp\htdocs...', Array, true)
#4 C:\xampp\htdocs\yii\framework\web\CController.php(869): CBaseController->renderFile('C:\xampp\htdocs...', Array, true)
#5 C:\xampp\htdocs\blog\protected\views\post\view.php(44): CController->renderPartial('_comments', Array)
#6 C:\xampp\htdocs\yii\framework\web\CBaseController.php(126): require('C:\xampp\htdocs...')
#7 C:\xampp\htdocs\yii\framework\web\CBaseController.php(95): CBaseController->renderInternal('C:\xampp\htdocs...', Array, true)
#8 C:\xampp\htdocs\yii\framework\web\CController.php(869): CBaseController->renderFile('C:\xampp\htdocs...', Array, true)
#9 C:\xampp\htdocs\yii\framework\web\CController.php(782): CController->renderPartial('view', Array, true)
#10 C:\xampp\htdocs\blog\protected\controllers\PostController.php(55): CController->render('view', Array)
#11 C:\xampp\htdocs\yii\framework\web\actions\CInlineAction.php(49): PostController->actionView()
#12 C:\xampp\htdocs\yii\framework\web\CController.php(308): CInlineAction->runWithParams(Array)
#13 C:\xampp\htdocs\yii\framework\web\filters\CFilterChain.php(133): CController->runAction(Object(CInlineAction))
#14 C:\xampp\htdocs\yii\framework\web\filters\CFilter.php(40): CFilterChain->run()
#15 C:\xampp\htdocs\yii\framework\web\CController.php(1145): CFilter->filter(Object(CFilterChain))
#16 C:\xampp\htdocs\yii\framework\web\filters\CInlineFilter.php(58): CController->filterAccessControl(Object(CFilterChain))
#17 C:\xampp\htdocs\yii\framework\web\filters\CFilterChain.php(130): CInlineFilter->filter(Object(CFilterChain))
#18 C:\xampp\htdocs\yii\framework\web\CController.php(291): CFilterChain->run()
#19 C:\xampp\htdocs\yii\framework\web\CController.php(265): CController->runActionWithFilters(Object(CInlineAction), Array)
#20 C:\xampp\htdocs\yii\framework\web\CWebApplication.php(282): CController->run('view')
#21 C:\xampp\htdocs\yii\framework\web\CWebApplication.php(141): CWebApplication->runController('post/view')
#22 C:\xampp\htdocs\yii\framework\base\CApplication.php(169): CWebApplication->processRequest()
#23 C:\xampp\htdocs\blog\index.php(13): CApplication->run()
#24 {main}
REQUEST_URI=/blog/index.php?r=post/view&id=2
HTTP_REFERER=http://127.0.0.1/blog/index.php?r=post/
---
2013/07/02 09:17:09 [warning] [application] Failed to set unsafe attribute "status" of "Comment".
in C:\xampp\htdocs\blog\protected\controllers\PostController.php (66)
in C:\xampp\htdocs\blog\protected\controllers\PostController.php (50)
in C:\xampp\htdocs\blog\index.php (13)
2013/07/02 09:17:09 [warning] [application] Failed to set unsafe attribute "create_time" of "Comment".
in C:\xampp\htdocs\blog\protected\controllers\PostController.php (66)
in C:\xampp\htdocs\blog\protected\controllers\PostController.php (50)
in C:\xampp\htdocs\blog\index.php (13)
2013/07/02 09:17:09 [warning] [application] Failed to set unsafe attribute "post_id" of "Comment".
in C:\xampp\htdocs\blog\protected\controllers\PostController.php (66)
in C:\xampp\htdocs\blog\protected\controllers\PostController.php (50)
in C:\xampp\htdocs\blog\index.php (13)
2013/07/02 09:17:17 [warning] [application] Failed to set unsafe attribute "status" of "Comment".
in C:\xampp\htdocs\blog\protected\controllers\PostController.php (66)
in C:\xampp\htdocs\blog\protected\controllers\PostController.php (50)
in C:\xampp\htdocs\blog\index.php (13)
2013/07/02 09:17:17 [warning] [application] Failed to set unsafe attribute "create_time" of "Comment".
in C:\xampp\htdocs\blog\protected\controllers\PostController.php (66)
in C:\xampp\htdocs\blog\protected\controllers\PostController.php (50)
in C:\xampp\htdocs\blog\index.php (13)
2013/07/02 09:17:17 [warning] [application] Failed to set unsafe attribute "post_id" of "Comment".
in C:\xampp\htdocs\blog\protected\controllers\PostController.php (66)
in C:\xampp\htdocs\blog\protected\controllers\PostController.php (50)
in C:\xampp\htdocs\blog\index.php (13)
2013/07/02 09:17:25 [warning] [application] Failed to set unsafe attribute "status" of "Comment".
in C:\xampp\htdocs\blog\protected\controllers\PostController.php (66)
in C:\xampp\htdocs\blog\protected\controllers\PostController.php (50)
in C:\xampp\htdocs\blog\index.php (13)
2013/07/02 09:17:25 [warning] [application] Failed to set unsafe attribute "create_time" of "Comment".
in C:\xampp\htdocs\blog\protected\controllers\PostController.php (66)
in C:\xampp\htdocs\blog\protected\controllers\PostController.php (50)
in C:\xampp\htdocs\blog\index.php (13)
2013/07/02 09:17:25 [warning] [application] Failed to set unsafe attribute "post_id" of "Comment".
in C:\xampp\htdocs\blog\protected\controllers\PostController.php (66)
in C:\xampp\htdocs\blog\protected\controllers\PostController.php (50)
in C:\xampp\htdocs\blog\index.php (13)
2013/07/02 09:17:37 [warning] [application] Failed to set unsafe attribute "status" of "Comment".
in C:\xampp\htdocs\blog\protected\controllers\PostController.php (72)
in C:\xampp\htdocs\blog\protected\controllers\PostController.php (50)
in C:\xampp\htdocs\blog\index.php (13)
2013/07/02 09:17:37 [warning] [application] Failed to set unsafe attribute "create_time" of "Comment".
in C:\xampp\htdocs\blog\protected\controllers\PostController.php (72)
in C:\xampp\htdocs\blog\protected\controllers\PostController.php (50)
in C:\xampp\htdocs\blog\index.php (13)
2013/07/02 09:17:37 [warning] [application] Failed to set unsafe attribute "post_id" of "Comment".
in C:\xampp\htdocs\blog\protected\controllers\PostController.php (72)
in C:\xampp\htdocs\blog\protected\controllers\PostController.php (50)
in C:\xampp\htdocs\blog\index.php (13)
2013/07/02 09:17:38 [warning] [application] Failed to set unsafe attribute "status" of "Comment".
in C:\xampp\htdocs\blog\protected\controllers\PostController.php (66)
in C:\xampp\htdocs\blog\protected\controllers\PostController.php (50)
in C:\xampp\htdocs\blog\index.php (13)
2013/07/02 09:17:38 [warning] [application] Failed to set unsafe attribute "create_time" of "Comment".
in C:\xampp\htdocs\blog\protected\controllers\PostController.php (66)
in C:\xampp\htdocs\blog\protected\controllers\PostController.php (50)
in C:\xampp\htdocs\blog\index.php (13)
2013/07/02 09:17:38 [warning] [application] Failed to set unsafe attribute "post_id" of "Comment".
in C:\xampp\htdocs\blog\protected\controllers\PostController.php (66)
in C:\xampp\htdocs\blog\protected\controllers\PostController.php (50)
in C:\xampp\htdocs\blog\index.php (13)
2013/07/02 10:36:55 [error] [exception.CException] exception 'CException' with message 'Tag and its behaviors do not have a method or closure named "findTagWeights".' in C:\xampp\htdocs\yii\framework\base\CComponent.php:265
Stack trace:
#0 C:\xampp\htdocs\yii\framework\db\ar\CActiveRecord.php(225): CComponent->__call('findTagWeights', Array)
#1 C:\xampp\htdocs\blog\protected\components\TagCloud.php(12): CActiveRecord->__call('findTagWeights', Array)
#2 C:\xampp\htdocs\blog\protected\components\TagCloud.php(12): Tag->findTagWeights(NULL)
#3 C:\xampp\htdocs\yii\framework\zii\widgets\CPortlet.php(94): TagCloud->renderContent()
#4 C:\xampp\htdocs\yii\framework\web\CBaseController.php(173): CPortlet->run()
#5 C:\xampp\htdocs\blog\protected\views\layouts\column2.php(15): CBaseController->widget('TagCloud', Array)
#6 C:\xampp\htdocs\yii\framework\web\CBaseController.php(126): require('C:\xampp\htdocs...')
#7 C:\xampp\htdocs\yii\framework\web\CBaseController.php(95): CBaseController->renderInternal('C:\xampp\htdocs...', Array, true)
#8 C:\xampp\htdocs\yii\framework\web\CController.php(784): CBaseController->renderFile('C:\xampp\htdocs...', Array, true)
#9 C:\xampp\htdocs\blog\protected\controllers\PostController.php(166): CController->render('index', Array)
#10 C:\xampp\htdocs\yii\framework\web\actions\CInlineAction.php(49): PostController->actionIndex()
#11 C:\xampp\htdocs\yii\framework\web\CController.php(308): CInlineAction->runWithParams(Array)
#12 C:\xampp\htdocs\yii\framework\web\filters\CFilterChain.php(133): CController->runAction(Object(CInlineAction))
#13 C:\xampp\htdocs\yii\framework\web\filters\CFilter.php(40): CFilterChain->run()
#14 C:\xampp\htdocs\yii\framework\web\CController.php(1145): CFilter->filter(Object(CFilterChain))
#15 C:\xampp\htdocs\yii\framework\web\filters\CInlineFilter.php(58): CController->filterAccessControl(Object(CFilterChain))
#16 C:\xampp\htdocs\yii\framework\web\filters\CFilterChain.php(130): CInlineFilter->filter(Object(CFilterChain))
#17 C:\xampp\htdocs\yii\framework\web\CController.php(291): CFilterChain->run()
#18 C:\xampp\htdocs\yii\framework\web\CController.php(265): CController->runActionWithFilters(Object(CInlineAction), Array)
#19 C:\xampp\htdocs\yii\framework\web\CWebApplication.php(282): CController->run('')
#20 C:\xampp\htdocs\yii\framework\web\CWebApplication.php(141): CWebApplication->runController('')
#21 C:\xampp\htdocs\yii\framework\base\CApplication.php(169): CWebApplication->processRequest()
#22 C:\xampp\htdocs\blog\index.php(13): CApplication->run()
#23 {main}
REQUEST_URI=/blog/index.php?r=post/
---
2013/07/03 02:16:36 [error] [exception.CHttpException.404] exception 'CHttpException' with message 'The system is unable to find the requested action "2".' in C:\xampp\htdocs\yii\framework\web\CController.php:483
Stack trace:
#0 C:\xampp\htdocs\yii\framework\web\CController.php(270): CController->missingAction('2')
#1 C:\xampp\htdocs\yii\framework\web\CWebApplication.php(282): CController->run('2')
#2 C:\xampp\htdocs\yii\framework\web\CWebApplication.php(141): CWebApplication->runController('post/2')
#3 C:\xampp\htdocs\yii\framework\base\CApplication.php(169): CWebApplication->processRequest()
#4 C:\xampp\htdocs\blog\index.php(13): CApplication->run()
#5 {main}
REQUEST_URI=/blog/index.php/post/2?title=A+Test+Post
HTTP_REFERER=http://127.0.0.1/blog/index.php/post/2
---
2013/07/03 02:16:50 [error] [exception.CHttpException.404] exception 'CHttpException' with message 'The system is unable to find the requested action "2".' in C:\xampp\htdocs\yii\framework\web\CController.php:483
Stack trace:
#0 C:\xampp\htdocs\yii\framework\web\CController.php(270): CController->missingAction('2')
#1 C:\xampp\htdocs\yii\framework\web\CWebApplication.php(282): CController->run('2')
#2 C:\xampp\htdocs\yii\framework\web\CWebApplication.php(141): CWebApplication->runController('post/2')
#3 C:\xampp\htdocs\yii\framework\base\CApplication.php(169): CWebApplication->processRequest()
#4 C:\xampp\htdocs\blog\index.php(13): CApplication->run()
#5 {main}
REQUEST_URI=/blog/index.php/post/2?title=A+Test+Post
---
2013/07/03 02:16:53 [error] [exception.CHttpException.404] exception 'CHttpException' with message 'The system is unable to find the requested action "2".' in C:\xampp\htdocs\yii\framework\web\CController.php:483
Stack trace:
#0 C:\xampp\htdocs\yii\framework\web\CController.php(270): CController->missingAction('2')
#1 C:\xampp\htdocs\yii\framework\web\CWebApplication.php(282): CController->run('2')
#2 C:\xampp\htdocs\yii\framework\web\CWebApplication.php(141): CWebApplication->runController('post/2')
#3 C:\xampp\htdocs\yii\framework\base\CApplication.php(169): CWebApplication->processRequest()
#4 C:\xampp\htdocs\blog\index.php(13): CApplication->run()
#5 {main}
REQUEST_URI=/blog/index.php/post/2?title=A+Test+Post
HTTP_REFERER=http://127.0.0.1/blog/index.php/post/2
---
2013/07/03 02:16:53 [error] [exception.CHttpException.404] exception 'CHttpException' with message 'The system is unable to find the requested action "2".' in C:\xampp\htdocs\yii\framework\web\CController.php:483
Stack trace:
#0 C:\xampp\htdocs\yii\framework\web\CController.php(270): CController->missingAction('2')
#1 C:\xampp\htdocs\yii\framework\web\CWebApplication.php(282): CController->run('2')
#2 C:\xampp\htdocs\yii\framework\web\CWebApplication.php(141): CWebApplication->runController('post/2')
#3 C:\xampp\htdocs\yii\framework\base\CApplication.php(169): CWebApplication->processRequest()
#4 C:\xampp\htdocs\blog\index.php(13): CApplication->run()
#5 {main}
REQUEST_URI=/blog/index.php/post/2
HTTP_REFERER=http://127.0.0.1/blog/index.php/post/index
---
2013/07/03 02:35:29 [error] [exception.CException] exception 'CException' with message 'Property "Comment.pendingCommentCount" is not defined.' in C:\xampp\htdocs\yii\framework\base\CComponent.php:130
Stack trace:
#0 C:\xampp\htdocs\yii\framework\db\ar\CActiveRecord.php(143): CComponent->__get('pendingCommentC...')
#1 C:\xampp\htdocs\blog\protected\components\views\userMenu.php(5): CActiveRecord->__get('pendingCommentC...')
#2 C:\xampp\htdocs\yii\framework\web\CBaseController.php(130): require('C:\xampp\htdocs...')
#3 C:\xampp\htdocs\yii\framework\web\CBaseController.php(95): CBaseController->renderInternal('C:\xampp\htdocs...', NULL, false)
#4 C:\xampp\htdocs\yii\framework\web\widgets\CWidget.php(243): CBaseController->renderFile('C:\xampp\htdocs...', NULL, false)
#5 C:\xampp\htdocs\blog\protected\components\UserMenu.php(15): CWidget->render('userMenu')
#6 C:\xampp\htdocs\yii\framework\zii\widgets\CPortlet.php(94): UserMenu->renderContent()
#7 C:\xampp\htdocs\yii\framework\web\CBaseController.php(173): CPortlet->run()
#8 C:\xampp\htdocs\blog\protected\views\layouts\column2.php(10): CBaseController->widget('UserMenu')
#9 C:\xampp\htdocs\yii\framework\web\CBaseController.php(126): require('C:\xampp\htdocs...')
#10 C:\xampp\htdocs\yii\framework\web\CBaseController.php(95): CBaseController->renderInternal('C:\xampp\htdocs...', Array, true)
#11 C:\xampp\htdocs\yii\framework\web\CController.php(784): CBaseController->renderFile('C:\xampp\htdocs...', Array, true)
#12 C:\xampp\htdocs\blog\protected\controllers\PostController.php(166): CController->render('index', Array)
#13 C:\xampp\htdocs\yii\framework\web\actions\CInlineAction.php(49): PostController->actionIndex()
#14 C:\xampp\htdocs\yii\framework\web\CController.php(308): CInlineAction->runWithParams(Array)
#15 C:\xampp\htdocs\yii\framework\web\filters\CFilterChain.php(133): CController->runAction(Object(CInlineAction))
#16 C:\xampp\htdocs\yii\framework\web\filters\CFilter.php(40): CFilterChain->run()
#17 C:\xampp\htdocs\yii\framework\web\CController.php(1145): CFilter->filter(Object(CFilterChain))
#18 C:\xampp\htdocs\yii\framework\web\filters\CInlineFilter.php(58): CController->filterAccessControl(Object(CFilterChain))
#19 C:\xampp\htdocs\yii\framework\web\filters\CFilterChain.php(130): CInlineFilter->filter(Object(CFilterChain))
#20 C:\xampp\htdocs\yii\framework\web\CController.php(291): CFilterChain->run()
#21 C:\xampp\htdocs\yii\framework\web\CController.php(265): CController->runActionWithFilters(Object(CInlineAction), Array)
#22 C:\xampp\htdocs\yii\framework\web\CWebApplication.php(282): CController->run('index')
#23 C:\xampp\htdocs\yii\framework\web\CWebApplication.php(141): CWebApplication->runController('post/index')
#24 C:\xampp\htdocs\yii\framework\base\CApplication.php(169): CWebApplication->processRequest()
#25 C:\xampp\htdocs\blog\index.php(13): CApplication->run()
#26 {main}
REQUEST_URI=/blog/index.php/post/index
HTTP_REFERER=http://127.0.0.1/blog/index.php/post/index
---
2013/07/03 02:39:10 [error] [php] include(TblPost.php): failed to open stream: No such file or directory (C:\xampp\htdocs\yii\framework\YiiBase.php:421)
Stack trace:
#0 C:\xampp\htdocs\yii\framework\db\ar\CActiveRecord.php(386): spl_autoload_call()
#1 C:\xampp\htdocs\yii\framework\db\ar\CActiveFinder.php(215): model()
#2 C:\xampp\htdocs\yii\framework\db\ar\CActiveFinder.php(48): CActiveFinder->buildJoinTree()
#3 C:\xampp\htdocs\yii\framework\db\ar\CActiveRecord.php(1549): CActiveFinder->__construct()
#4 C:\xampp\htdocs\yii\framework\web\CActiveDataProvider.php(179): Comment->count()
#5 C:\xampp\htdocs\yii\framework\web\CDataProvider.php(224): CActiveDataProvider->calculateTotalItemCount()
#6 C:\xampp\htdocs\yii\framework\web\CActiveDataProvider.php(129): CActiveDataProvider->getTotalItemCount()
#7 C:\xampp\htdocs\yii\framework\web\CDataProvider.php(168): CActiveDataProvider->fetchData()
#8 C:\xampp\htdocs\yii\framework\zii\widgets\CBaseListView.php(107): CActiveDataProvider->getData()
#9 C:\xampp\htdocs\yii\framework\zii\widgets\CListView.php(203): CListView->init()
#10 C:\xampp\htdocs\yii\framework\web\CBaseController.php(147): CListView->init()
#11 C:\xampp\htdocs\yii\framework\web\CBaseController.php(172): CommentController->createWidget()
#12 C:\xampp\htdocs\blog\protected\views\comment\index.php(20): CommentController->widget()
#13 C:\xampp\htdocs\yii\framework\web\CBaseController.php(126): require()
#14 C:\xampp\htdocs\yii\framework\web\CBaseController.php(95): CommentController->renderInternal()
#15 C:\xampp\htdocs\yii\framework\web\CController.php(869): CommentController->renderFile()
#16 C:\xampp\htdocs\yii\framework\web\CController.php(782): CommentController->renderPartial()
#17 C:\xampp\htdocs\blog\protected\controllers\CommentController.php(134): CommentController->render()
#18 C:\xampp\htdocs\yii\framework\web\actions\CInlineAction.php(49): CommentController->actionIndex()
#19 C:\xampp\htdocs\yii\framework\web\CController.php(308): CInlineAction->runWithParams()
#20 C:\xampp\htdocs\yii\framework\web\filters\CFilterChain.php(133): CommentController->runAction()
#21 C:\xampp\htdocs\yii\framework\web\filters\CFilter.php(40): CFilterChain->run()
#22 C:\xampp\htdocs\yii\framework\web\CController.php(1145): CAccessControlFilter->filter()
#23 C:\xampp\htdocs\yii\framework\web\filters\CInlineFilter.php(58): CommentController->filterAccessControl()
#24 C:\xampp\htdocs\yii\framework\web\filters\CFilterChain.php(130): CInlineFilter->filter()
#25 C:\xampp\htdocs\yii\framework\web\CController.php(291): CFilterChain->run()
#26 C:\xampp\htdocs\yii\framework\web\CController.php(265): CommentController->runActionWithFilters()
#27 C:\xampp\htdocs\yii\framework\web\CWebApplication.php(282): CommentController->run()
#28 C:\xampp\htdocs\yii\framework\web\CWebApplication.php(141): CWebApplication->runController()
#29 C:\xampp\htdocs\yii\framework\base\CApplication.php(169): CWebApplication->processRequest()
#30 C:\xampp\htdocs\blog\index.php(13): CWebApplication->run()
REQUEST_URI=/blog/index.php/comment/index
in C:\xampp\htdocs\blog\protected\views\comment\index.php (20)
in C:\xampp\htdocs\blog\protected\controllers\CommentController.php (134)
in C:\xampp\htdocs\blog\index.php (13)
2013/07/03 03:59:17 [error] [system.db.CDbCommand] CDbCommand::fetchAll() failed: SQLSTATE[42S02]: Base table or view not found: 1146 Table 'blog.{{tag}}' doesn't exist. The SQL statement executed was: SHOW FULL COLUMNS FROM `{{tag}}`.
in C:\xampp\htdocs\blog\protected\models\Tag.php (20)
in C:\xampp\htdocs\blog\protected\components\TagCloud.php (12)
in C:\xampp\htdocs\blog\protected\views\layouts\column2.php (14)
2013/07/03 03:59:17 [error] [exception.CDbException] exception 'CDbException' with message 'The table "{{tag}}" for active record class "Tag" cannot be found in the database.' in C:\xampp\htdocs\yii\framework\db\ar\CActiveRecord.php:2310
Stack trace:
#0 C:\xampp\htdocs\yii\framework\db\ar\CActiveRecord.php(387): CActiveRecordMetaData->__construct(Object(Tag))
#1 C:\xampp\htdocs\blog\protected\models\Tag.php(20): CActiveRecord::model('Tag')
#2 C:\xampp\htdocs\blog\protected\components\TagCloud.php(12): Tag::model()
#3 C:\xampp\htdocs\yii\framework\zii\widgets\CPortlet.php(94): TagCloud->renderContent()
#4 C:\xampp\htdocs\yii\framework\web\CBaseController.php(173): CPortlet->run()
#5 C:\xampp\htdocs\blog\protected\views\layouts\column2.php(14): CBaseController->widget('TagCloud', Array)
#6 C:\xampp\htdocs\yii\framework\web\CBaseController.php(126): require('C:\xampp\htdocs...')
#7 C:\xampp\htdocs\yii\framework\web\CBaseController.php(95): CBaseController->renderInternal('C:\xampp\htdocs...', Array, true)
#8 C:\xampp\htdocs\yii\framework\web\CController.php(784): CBaseController->renderFile('C:\xampp\htdocs...', Array, true)
#9 C:\xampp\htdocs\blog\protected\controllers\PostController.php(166): CController->render('index', Array)
#10 C:\xampp\htdocs\yii\framework\web\actions\CInlineAction.php(49): PostController->actionIndex()
#11 C:\xampp\htdocs\yii\framework\web\CController.php(308): CInlineAction->runWithParams(Array)
#12 C:\xampp\htdocs\yii\framework\web\filters\CFilterChain.php(133): CController->runAction(Object(CInlineAction))
#13 C:\xampp\htdocs\yii\framework\web\filters\CFilter.php(40): CFilterChain->run()
#14 C:\xampp\htdocs\yii\framework\web\CController.php(1145): CFilter->filter(Object(CFilterChain))
#15 C:\xampp\htdocs\yii\framework\web\filters\CInlineFilter.php(58): CController->filterAccessControl(Object(CFilterChain))
#16 C:\xampp\htdocs\yii\framework\web\filters\CFilterChain.php(130): CInlineFilter->filter(Object(CFilterChain))
#17 C:\xampp\htdocs\yii\framework\web\CController.php(291): CFilterChain->run()
#18 C:\xampp\htdocs\yii\framework\web\CController.php(265): CController->runActionWithFilters(Object(CInlineAction), Array)
#19 C:\xampp\htdocs\yii\framework\web\CWebApplication.php(282): CController->run('index')
#20 C:\xampp\htdocs\yii\framework\web\CWebApplication.php(141): CWebApplication->runController('post/index')
#21 C:\xampp\htdocs\yii\framework\base\CApplication.php(169): CWebApplication->processRequest()
#22 C:\xampp\htdocs\blog\index.php(13): CApplication->run()
#23 {main}
REQUEST_URI=/blog/index.php/post/index
HTTP_REFERER=http://127.0.0.1/blog/index.php/post/view?id=2
---
2013/07/03 04:40:40 [error] [exception.CException] exception 'CException' with message 'Property "Post.tagLinks" is not defined.' in C:\xampp\htdocs\yii\framework\base\CComponent.php:130
Stack trace:
#0 C:\xampp\htdocs\yii\framework\db\ar\CActiveRecord.php(143): CComponent->__get('tagLinks')
#1 C:\xampp\htdocs\blog\protected\views\post\_view.php(17): CActiveRecord->__get('tagLinks')
#2 C:\xampp\htdocs\yii\framework\web\CBaseController.php(130): require('C:\xampp\htdocs...')
#3 C:\xampp\htdocs\yii\framework\web\CBaseController.php(95): CBaseController->renderInternal('C:\xampp\htdocs...', Array, false)
#4 C:\xampp\htdocs\yii\framework\zii\widgets\CListView.php(281): CBaseController->renderFile('C:\xampp\htdocs...', Array)
#5 C:\xampp\htdocs\yii\framework\zii\widgets\CBaseListView.php(160): CListView->renderItems()
#6 [internal function]: CBaseListView->renderSection(Array)
#7 C:\xampp\htdocs\yii\framework\zii\widgets\CBaseListView.php(143): preg_replace_callback('/{(\w+)}/', Array, '{items}?{pager}')
#8 C:\xampp\htdocs\yii\framework\zii\widgets\CBaseListView.php(128): CBaseListView->renderContent()
#9 C:\xampp\htdocs\yii\framework\web\CBaseController.php(173): CBaseListView->run()
#10 C:\xampp\htdocs\blog\protected\views\post\index.php(9): CBaseController->widget('zii.widgets.CLi...', Array)
#11 C:\xampp\htdocs\yii\framework\web\CBaseController.php(126): require('C:\xampp\htdocs...')
#12 C:\xampp\htdocs\yii\framework\web\CBaseController.php(95): CBaseController->renderInternal('C:\xampp\htdocs...', Array, true)
#13 C:\xampp\htdocs\yii\framework\web\CController.php(869): CBaseController->renderFile('C:\xampp\htdocs...', Array, true)
#14 C:\xampp\htdocs\yii\framework\web\CController.php(782): CController->renderPartial('index', Array, true)
#15 C:\xampp\htdocs\blog\protected\controllers\PostController.php(166): CController->render('index', Array)
#16 C:\xampp\htdocs\yii\framework\web\actions\CInlineAction.php(49): PostController->actionIndex()
#17 C:\xampp\htdocs\yii\framework\web\CController.php(308): CInlineAction->runWithParams(Array)
#18 C:\xampp\htdocs\yii\framework\web\filters\CFilterChain.php(133): CController->runAction(Object(CInlineAction))
#19 C:\xampp\htdocs\yii\framework\web\filters\CFilter.php(40): CFilterChain->run()
#20 C:\xampp\htdocs\yii\framework\web\CController.php(1145): CFilter->filter(Object(CFilterChain))
#21 C:\xampp\htdocs\yii\framework\web\filters\CInlineFilter.php(58): CController->filterAccessControl(Object(CFilterChain))
#22 C:\xampp\htdocs\yii\framework\web\filters\CFilterChain.php(130): CInlineFilter->filter(Object(CFilterChain))
#23 C:\xampp\htdocs\yii\framework\web\CController.php(291): CFilterChain->run()
#24 C:\xampp\htdocs\yii\framework\web\CController.php(265): CController->runActionWithFilters(Object(CInlineAction), Array)
#25 C:\xampp\htdocs\yii\framework\web\CWebApplication.php(282): CController->run('index')
#26 C:\xampp\htdocs\yii\framework\web\CWebApplication.php(141): CWebApplication->runController('post/index')
#27 C:\xampp\htdocs\yii\framework\base\CApplication.php(169): CWebApplication->processRequest()
#28 C:\xampp\htdocs\blog\index.php(13): CApplication->run()
#29 {main}
REQUEST_URI=/blog/index.php/post/index
HTTP_REFERER=http://127.0.0.1/blog/index.php/post/4/%E3%82%BF%E3%82%A4%E3%83%88%E3%83%AB
---
2013/07/03 04:58:40 [warning] [application] Failed to set unsafe attribute "status" of "Comment".
in C:\xampp\htdocs\blog\protected\controllers\PostController.php (66)
in C:\xampp\htdocs\blog\protected\controllers\PostController.php (50)
in C:\xampp\htdocs\blog\index.php (13)
2013/07/03 04:58:40 [warning] [application] Failed to set unsafe attribute "create_time" of "Comment".
in C:\xampp\htdocs\blog\protected\controllers\PostController.php (66)
in C:\xampp\htdocs\blog\protected\controllers\PostController.php (50)
in C:\xampp\htdocs\blog\index.php (13)
2013/07/03 04:58:40 [warning] [application] Failed to set unsafe attribute "post_id" of "Comment".
in C:\xampp\htdocs\blog\protected\controllers\PostController.php (66)
in C:\xampp\htdocs\blog\protected\controllers\PostController.php (50)
in C:\xampp\htdocs\blog\index.php (13)
2013/07/03 06:55:39 [error] [php] Array to string conversion (C:\xampp\htdocs\blog\protected\models\Tag.php:75)
Stack trace:
#0 C:\xampp\htdocs\yii\framework\web\CBaseController.php(173): TagCloud->run()
#1 C:\xampp\htdocs\blog\protected\views\layouts\column2.php(14): PostController->widget()
#2 C:\xampp\htdocs\yii\framework\web\CBaseController.php(126): require()
#3 C:\xampp\htdocs\yii\framework\web\CBaseController.php(95): PostController->renderInternal()
#4 C:\xampp\htdocs\yii\framework\web\CController.php(784): PostController->renderFile()
#5 C:\xampp\htdocs\blog\protected\controllers\PostController.php(166): PostController->render()
#6 C:\xampp\htdocs\yii\framework\web\actions\CInlineAction.php(49): PostController->actionIndex()
#7 C:\xampp\htdocs\yii\framework\web\CController.php(308): CInlineAction->runWithParams()
#8 C:\xampp\htdocs\yii\framework\web\filters\CFilterChain.php(133): PostController->runAction()
#9 C:\xampp\htdocs\yii\framework\web\filters\CFilter.php(40): CFilterChain->run()
#10 C:\xampp\htdocs\yii\framework\web\CController.php(1145): CAccessControlFilter->filter()
#11 C:\xampp\htdocs\yii\framework\web\filters\CInlineFilter.php(58): PostController->filterAccessControl()
#12 C:\xampp\htdocs\yii\framework\web\filters\CFilterChain.php(130): CInlineFilter->filter()
#13 C:\xampp\htdocs\yii\framework\web\CController.php(291): CFilterChain->run()
#14 C:\xampp\htdocs\yii\framework\web\CController.php(265): PostController->runActionWithFilters()
#15 C:\xampp\htdocs\yii\framework\web\CWebApplication.php(282): PostController->run()
#16 C:\xampp\htdocs\yii\framework\web\CWebApplication.php(141): CWebApplication->runController()
#17 C:\xampp\htdocs\yii\framework\base\CApplication.php(169): CWebApplication->processRequest()
#18 C:\xampp\htdocs\blog\index.php(13): CWebApplication->run()
REQUEST_URI=/blog/index.php
in C:\xampp\htdocs\blog\protected\models\Tag.php (75)
in C:\xampp\htdocs\blog\protected\components\TagCloud.php (12)
in C:\xampp\htdocs\blog\protected\views\layouts\column2.php (14)
2013/07/03 06:56:07 [error] [php] Array to string conversion (C:\xampp\htdocs\blog\protected\models\Tag.php:75)
Stack trace:
#0 C:\xampp\htdocs\yii\framework\web\CBaseController.php(173): TagCloud->run()
#1 C:\xampp\htdocs\blog\protected\views\layouts\column2.php(14): PostController->widget()
#2 C:\xampp\htdocs\yii\framework\web\CBaseController.php(126): require()
#3 C:\xampp\htdocs\yii\framework\web\CBaseController.php(95): PostController->renderInternal()
#4 C:\xampp\htdocs\yii\framework\web\CController.php(784): PostController->renderFile()
#5 C:\xampp\htdocs\blog\protected\controllers\PostController.php(166): PostController->render()
#6 C:\xampp\htdocs\yii\framework\web\actions\CInlineAction.php(49): PostController->actionIndex()
#7 C:\xampp\htdocs\yii\framework\web\CController.php(308): CInlineAction->runWithParams()
#8 C:\xampp\htdocs\yii\framework\web\filters\CFilterChain.php(133): PostController->runAction()
#9 C:\xampp\htdocs\yii\framework\web\filters\CFilter.php(40): CFilterChain->run()
#10 C:\xampp\htdocs\yii\framework\web\CController.php(1145): CAccessControlFilter->filter()
#11 C:\xampp\htdocs\yii\framework\web\filters\CInlineFilter.php(58): PostController->filterAccessControl()
#12 C:\xampp\htdocs\yii\framework\web\filters\CFilterChain.php(130): CInlineFilter->filter()
#13 C:\xampp\htdocs\yii\framework\web\CController.php(291): CFilterChain->run()
#14 C:\xampp\htdocs\yii\framework\web\CController.php(265): PostController->runActionWithFilters()
#15 C:\xampp\htdocs\yii\framework\web\CWebApplication.php(282): PostController->run()
#16 C:\xampp\htdocs\yii\framework\web\CWebApplication.php(141): CWebApplication->runController()
#17 C:\xampp\htdocs\yii\framework\base\CApplication.php(169): CWebApplication->processRequest()
#18 C:\xampp\htdocs\blog\index.php(13): CWebApplication->run()
REQUEST_URI=/blog/index.php
in C:\xampp\htdocs\blog\protected\models\Tag.php (75)
in C:\xampp\htdocs\blog\protected\components\TagCloud.php (12)
in C:\xampp\htdocs\blog\protected\views\layouts\column2.php (14)
2013/07/03 06:58:51 [error] [php] Array to string conversion (C:\xampp\htdocs\blog\protected\models\Tag.php:75)
Stack trace:
#0 C:\xampp\htdocs\yii\framework\web\CBaseController.php(173): TagCloud->run()
#1 C:\xampp\htdocs\blog\protected\views\layouts\column2.php(14): PostController->widget()
#2 C:\xampp\htdocs\yii\framework\web\CBaseController.php(126): require()
#3 C:\xampp\htdocs\yii\framework\web\CBaseController.php(95): PostController->renderInternal()
#4 C:\xampp\htdocs\yii\framework\web\CController.php(784): PostController->renderFile()
#5 C:\xampp\htdocs\blog\protected\controllers\PostController.php(166): PostController->render()
#6 C:\xampp\htdocs\yii\framework\web\actions\CInlineAction.php(49): PostController->actionIndex()
#7 C:\xampp\htdocs\yii\framework\web\CController.php(308): CInlineAction->runWithParams()
#8 C:\xampp\htdocs\yii\framework\web\filters\CFilterChain.php(133): PostController->runAction()
#9 C:\xampp\htdocs\yii\framework\web\filters\CFilter.php(40): CFilterChain->run()
#10 C:\xampp\htdocs\yii\framework\web\CController.php(1145): CAccessControlFilter->filter()
#11 C:\xampp\htdocs\yii\framework\web\filters\CInlineFilter.php(58): PostController->filterAccessControl()
#12 C:\xampp\htdocs\yii\framework\web\filters\CFilterChain.php(130): CInlineFilter->filter()
#13 C:\xampp\htdocs\yii\framework\web\CController.php(291): CFilterChain->run()
#14 C:\xampp\htdocs\yii\framework\web\CController.php(265): PostController->runActionWithFilters()
#15 C:\xampp\htdocs\yii\framework\web\CWebApplication.php(282): PostController->run()
#16 C:\xampp\htdocs\yii\framework\web\CWebApplication.php(141): CWebApplication->runController()
#17 C:\xampp\htdocs\yii\framework\base\CApplication.php(169): CWebApplication->processRequest()
#18 C:\xampp\htdocs\blog\index.php(13): CWebApplication->run()
REQUEST_URI=/blog/index.php
in C:\xampp\htdocs\blog\protected\models\Tag.php (75)
in C:\xampp\htdocs\blog\protected\components\TagCloud.php (12)
in C:\xampp\htdocs\blog\protected\views\layouts\column2.php (14)
